<?xml version="1.0" encoding="UTF-8"?>
<testng-results skipped="0" failed="0" total="1" passed="1">
  <reporter-output>
  </reporter-output>
  <suite name="Default suite" duration-ms="14007" started-at="2016-10-26T14:01:58Z" finished-at="2016-10-26T14:02:12Z">
    <groups>
    </groups>
    <test name="Default test" duration-ms="14007" started-at="2016-10-26T14:01:58Z" finished-at="2016-10-26T14:02:12Z">
      <class name="com.siddharth.test.QuickTest.ClickOnMenu">
        <test-method status="PASS" signature="setUp()[pri:0, instance:com.siddharth.test.QuickTest.ClickOnMenu@7a168f39]" name="setUp" is-config="true" duration-ms="11029" started-at="2016-10-26T19:31:58Z" finished-at="2016-10-26T19:32:09Z">
          <reporter-output>
          </reporter-output>
        </test-method> <!-- setUp -->
        <test-method status="PASS" signature="menuClick()[pri:0, instance:com.siddharth.test.QuickTest.ClickOnMenu@7a168f39]" name="menuClick" duration-ms="1508" started-at="2016-10-26T19:32:09Z" finished-at="2016-10-26T19:32:10Z">
          <reporter-output>
          </reporter-output>
        </test-method> <!-- menuClick -->
        <test-method status="PASS" signature="tearDown()[pri:0, instance:com.siddharth.test.QuickTest.ClickOnMenu@7a168f39]" name="tearDown" is-config="true" duration-ms="1439" started-at="2016-10-26T19:32:10Z" finished-at="2016-10-26T19:32:12Z">
          <reporter-output>
          </reporter-output>
        </test-method> <!-- tearDown -->
      </class> <!-- com.siddharth.test.QuickTest.ClickOnMenu -->
    </test> <!-- Default test -->
  </suite> <!-- Default suite -->
</testng-results>
