<?xml version="1.0" encoding="UTF-8"?>
<testng-results skipped="0" failed="0" total="1" passed="1">
  <reporter-output>
  </reporter-output>
  <suite name="Default suite" duration-ms="8502" started-at="2016-11-04T10:19:33Z" finished-at="2016-11-04T10:19:41Z">
    <groups>
    </groups>
    <test name="Default test" duration-ms="8502" started-at="2016-11-04T10:19:33Z" finished-at="2016-11-04T10:19:41Z">
      <class name="way2AutomationClass.TestDailer">
        <test-method status="PASS" signature="setUp()[pri:0, instance:way2AutomationClass.TestDailer@7476ec7a]" name="setUp" is-config="true" duration-ms="8458" started-at="2016-11-04T15:49:33Z" finished-at="2016-11-04T15:49:41Z">
          <reporter-output>
          </reporter-output>
        </test-method> <!-- setUp -->
        <test-method status="PASS" signature="Phonedailer()[pri:0, instance:way2AutomationClass.TestDailer@7476ec7a]" name="Phonedailer" duration-ms="6" started-at="2016-11-04T15:49:41Z" finished-at="2016-11-04T15:49:41Z">
          <reporter-output>
          </reporter-output>
        </test-method> <!-- Phonedailer -->
      </class> <!-- way2AutomationClass.TestDailer -->
    </test> <!-- Default test -->
  </suite> <!-- Default suite -->
</testng-results>
